{"message":"Express server is running on localhost:5000","level":"info","timestamp":"2021-08-02T15:20:48.139Z"}
{"message":"","level":"info","timestamp":"2021-08-02T15:21:05.483Z"}
{"message":"Listening on port 3000!","level":"info","timestamp":"2021-08-02T15:21:09.522Z"}
{"message":"Listening on port 3000!","level":"info","timestamp":"Aug-02-2021 20:55:00"}
{"message":"Listening on port 3000!","level":"info","timestamp":"Aug-02-2021 20:55:12"}
{"message":"Listening on port 3000!","level":"info","timestamp":"Aug-02-2021 21:03:34"}
{"message":"Listening on port 3000!","level":"info","timestamp":"Aug-02-2021 21:04:11"}
{"message":"Listening on port 3000!","level":"info","timestamp":"Aug-02-2021 21:04:58"}
{"message":"Listening on port 3000!","level":"info","timestamp":"Aug-02-2021 21:05:04"}
{"message":"Listening on port 3000!","level":"info","timestamp":"Aug-02-2021 21:06:55"}
{"message":"Listening on port 3000!","level":"info","timestamp":"Aug-02-2021 21:07:43"}
{"message":"Listening on port 3000!","level":"info","timestamp":"Aug-02-2021 21:07:50"}
{"message":"Listening on port 3000!","level":"info","timestamp":"Aug-02-2021 21:07:58"}
{"message":"Listening on port 3000!","level":"info","timestamp":"Aug-02-2021 21:08:06"}
{"message":"Listening on port 3000!","level":"info","timestamp":"Aug-02-2021 21:09:38"}
{"message":"Request is undefined","level":"info","timestamp":"Aug-02-2021 21:10:08"}
{"message":"Listening on port 3000!","level":"info","timestamp":"Aug-02-2021 21:10:33"}
{"message":"Request is /5f378d572e3bec697bb1fec2/5ef433b23082f88fc54b166b/balance","level":"info","timestamp":"Aug-02-2021 21:10:37"}
{"message":"Listening on port 3000!","level":"info","timestamp":"Aug-02-2021 21:17:12"}
{"message":"Listening on port 3000!","level":"info","timestamp":"Aug-02-2021 21:17:28"}
{"message":"Listening on port 3000!","level":"info","timestamp":"Aug-02-2021 21:18:06"}
{"message":"Listening on port 3000!","level":"info","timestamp":"Aug-02-2021 21:18:17"}
{"message":"Request is /5f378d572e3bec697bb1fec2/5ef433b23082f88fc54b166b/balance","level":"info","timestamp":"Aug-02-2021 21:18:28"}
{"message":"Listening on port 3000!","level":"info","timestamp":"Aug-02-2021 21:21:48"}
{"message":"Request is /5f378d572e3bec697bb1fec2/5ef433b23082f88fc54b166b/balance","level":"info","timestamp":"Aug-02-2021 21:21:52"}
{"message":"Listening on port 3000!","level":"info","timestamp":"Aug-02-2021 21:22:26"}
{"message":"Listening on port 3000!","level":"info","timestamp":"Aug-02-2021 21:22:43"}
{"message":"Listening on port 3000!","level":"info","timestamp":"Aug-02-2021 21:22:51"}
{"message":"Listening on port 3000!","level":"info","timestamp":"Aug-02-2021 21:22:56"}
{"message":"Listening on port 3000!","level":"info","timestamp":"Aug-02-2021 21:23:05"}
{"message":"Request is /5f378d572e3bec697bb1fec2/5ef433b23082f88fc54b166b/balance","level":"info","timestamp":"Aug-02-2021 21:23:14"}
{"message":"Response is [object Object]","level":"info","timestamp":"Aug-02-2021 21:23:14"}
{"message":"Listening on port 3000!","level":"info","timestamp":"Aug-02-2021 21:23:50"}
{"message":"Listening on port 3000!","level":"info","timestamp":"Aug-02-2021 21:23:57"}
{"message":"Listening on port 3000!","level":"info","timestamp":"Aug-02-2021 21:24:04"}
{"message":"Listening on port 3000!","level":"info","timestamp":"Aug-02-2021 21:24:18"}
{"message":"Listening on port 3000!","level":"info","timestamp":"Aug-02-2021 21:24:28"}
{"message":"Request is /5f378d572e3bec697bb1fec2/5ef433b23082f88fc54b166b/balance","level":"info","timestamp":"Aug-02-2021 21:24:41"}
{"message":"Response is {\"code\":2001,\"messsage\":\"success\",\"status\":\"SUCCESS\",\"balance\":540}","level":"info","timestamp":"Aug-02-2021 21:24:41"}
{"message":"Listening on port 3000!","level":"info","timestamp":"Aug-02-2021 21:29:54"}
{"message":"Listening on port 3000!","level":"info","timestamp":"Aug-02-2021 21:29:59"}
{"message":"Listening on port 3000!","level":"info","timestamp":"Aug-02-2021 21:30:04"}
{"message":"Listening on port 3000!","level":"info","timestamp":"Aug-02-2021 21:30:15"}
{"message":"Listening on port 3000!","level":"info","timestamp":"Aug-02-2021 21:31:43"}
{"message":"Listening on port 3000!","level":"info","timestamp":"Aug-02-2021 21:31:57"}
{"message":"Listening on port 3000!","level":"info","timestamp":"Aug-02-2021 21:32:04"}
{"message":"Listening on port 3000!","level":"info","timestamp":"Aug-02-2021 21:32:09"}
{"message":"Listening on port 3000!","level":"info","timestamp":"Aug-02-2021 21:32:23"}
{"message":"Listening on port 3000!","level":"info","timestamp":"Aug-02-2021 21:32:29"}
{"message":"Request is \"localhost:3000/masters/\"+\"/5f378d572e3bec697bb1fec2/5ef433b23082f88fc54b166b/balance\"","level":"info","timestamp":"Aug-02-2021 21:32:33"}
{"message":"Response is {\"code\":2001,\"messsage\":\"success\",\"status\":\"SUCCESS\",\"balance\":540}","level":"info","timestamp":"Aug-02-2021 21:32:33"}
{"message":"Listening on port 3000!","level":"info","timestamp":"Aug-02-2021 21:34:17"}
{"message":"Request is \"localhost:3000/masters//5f378d572e3bec697bb1fec2/5ef433b23082f88fc54b166b/balance\"","level":"info","timestamp":"Aug-02-2021 21:34:19"}
{"message":"Response is {\"code\":2001,\"messsage\":\"success\",\"status\":\"SUCCESS\",\"balance\":540}","level":"info","timestamp":"Aug-02-2021 21:34:19"}
{"message":"Listening on port 3000!","level":"info","timestamp":"Aug-02-2021 21:34:34"}
{"message":"Request is \"localhost:3000/masters/5f378d572e3bec697bb1fec2/5ef433b23082f88fc54b166b/balance\"","level":"info","timestamp":"Aug-02-2021 21:34:36"}
{"message":"Response is {\"code\":2001,\"messsage\":\"success\",\"status\":\"SUCCESS\",\"balance\":540}","level":"info","timestamp":"Aug-02-2021 21:34:36"}
{"message":"Listening on port 3000!","level":"info","timestamp":"Aug-02-2021 21:37:49"}
{"message":"Request is \"localhost:3000/masters/5f378d572e3bec697bb1fec2/5ef433b23082f88fc54b166b/balance\"","level":"info","timestamp":"Aug-02-2021 21:37:51"}
{"message":"Response is {\"code\":2001,\"messsage\":\"success\",\"status\":\"SUCCESS\",\"balance\":540}","level":"info","timestamp":"Aug-02-2021 21:37:51"}
{"message":"Listening on port 3000!","level":"info","timestamp":"Aug-02-2021 21:38:19"}
{"message":"Request is \"localhost:3000/masters/5f378d572e3bec697bb1fec2/5ef433b23082f88fc54b166b/balance\"","level":"info","timestamp":"Aug-02-2021 21:38:21"}
{"message":"Response is {\"code\":2001,\"messsage\":\"success\",\"status\":\"SUCCESS\",\"balance\":540}","level":"info","timestamp":"Aug-02-2021 21:38:21"}
{"message":"Listening on port 3000!","level":"info","timestamp":"Aug-02-2021 21:38:41"}
{"message":"Listening on port 3000!","level":"info","timestamp":"Aug-02-2021 21:39:05"}
{"message":"Request is \"localhost:3000/masters/5f378d572e3bec697bb1fec2/5ef433b23082f88fc54b166b/balance\"","level":"info","timestamp":"Aug-02-2021 21:39:07"}
{"message":"Response is {\"code\":2001,\"messsage\":\"success\",\"status\":\"SUCCESS\",\"balance\":540}","level":"info","timestamp":"Aug-02-2021 21:39:07"}
{"message":"Listening on port 3000!","level":"info","timestamp":"Aug-02-2021 21:39:48"}
{"message":"Request is \"localhost:3000/masters/5f378d572e3bec697bb1fec2/5ef433b23082f88fc54b166b/balance\"","level":"info","timestamp":"Aug-02-2021 21:39:50"}
{"message":"Response is {\"code\":2001,\"messsage\":\"success\",\"status\":\"SUCCESS\",\"balance\":540}","level":"info","timestamp":"Aug-02-2021 21:39:50"}
{"message":"Listening on port 3000!","level":"info","timestamp":"Aug-02-2021 21:40:14"}
{"message":"Request is \"localhost:3000/masters/5f378d572e3bec697bb1fec2/5ef433b23082f88fc54b166b/balance\"","level":"info","timestamp":"Aug-02-2021 21:40:24"}
{"message":"Response is {\"code\":2001,\"messsage\":\"success\",\"status\":\"SUCCESS\",\"balance\":540}","level":"info","timestamp":"Aug-02-2021 21:40:24"}
{"message":"Listening on port 3000!","level":"info","timestamp":"Aug-02-2021 21:40:53"}
{"message":"Listening on port 3000!","level":"info","timestamp":"Aug-02-2021 21:40:57"}
{"message":"Request is \"localhost:3000/masters/5f378d572e3bec697bb1fec2/5ef433b23082f88fc54b166b/balance\"","level":"info","timestamp":"Aug-02-2021 21:40:58"}
{"message":"Response is {\"code\":2001,\"messsage\":\"success\",\"status\":\"SUCCESS\",\"balance\":540}","level":"info","timestamp":"Aug-02-2021 21:40:58"}
{"message":"Listening on port 3000!","level":"info","timestamp":"Aug-02-2021 21:41:28"}
{"message":"Listening on port 3000!","level":"info","timestamp":"Aug-02-2021 21:41:39"}
{"message":"Request is \"localhost:3000/masters/5f378d572e3bec697bb1fec2/5ef433b23082f88fc54b166b/balance\"","level":"info","timestamp":"Aug-02-2021 21:41:43"}
{"message":"Response is {\"code\":2001,\"messsage\":\"success\",\"status\":\"SUCCESS\",\"balance\":540}","level":"info","timestamp":"Aug-02-2021 21:41:43"}
{"message":"Listening on port 3000!","level":"info","timestamp":"Aug-02-2021 21:42:05"}
{"message":"Listening on port 3000!","level":"info","timestamp":"Aug-02-2021 21:42:22"}
{"message":"Request is http://localhost:3000/masters/5f378d572e3bec697bb1fec2/5ef433b23082f88fc54b166b/balance","level":"info","timestamp":"Aug-02-2021 21:42:28"}
{"message":"Response is {\"code\":2001,\"messsage\":\"success\",\"status\":\"SUCCESS\",\"balance\":540}","level":"info","timestamp":"Aug-02-2021 21:42:28"}
{"message":"Listening on port 3000!","level":"info","timestamp":"Aug-02-2021 21:51:19"}
{"message":"Listening on port 3000!","level":"info","timestamp":"Aug-02-2021 21:51:29"}
{"message":"Request is http://localhost:3000/masters/5f378d572e3bec697bb1fec2/5ef433b23082f88fc54b166b/balance","level":"info","timestamp":"Aug-02-2021 21:51:33"}
{"message":"Response is {\"code\":2001,\"messsage\":\"success\",\"status\":\"SUCCESS\",\"balance\":540}","level":"info","timestamp":"Aug-02-2021 21:51:33"}
{"message":"Listening on port 3000!","level":"info","timestamp":"Aug-02-2021 21:52:43"}
{"message":"Listening on port 3000!","level":"info","timestamp":"Aug-02-2021 21:52:54"}
{"message":"Listening on port 3000!","level":"info","timestamp":"Aug-02-2021 21:53:01"}
{"message":"Listening on port 3000!","level":"info","timestamp":"Aug-02-2021 21:53:11"}
{"message":"Listening on port 3000!","level":"info","timestamp":"Aug-02-2021 21:53:22"}
{"message":"Listening on port 3000!","level":"info","timestamp":"Aug-02-2021 21:53:32"}
{"message":"Request is http://localhost:3000/masters/5f378d572e3bec697bb1fec2/5ef433b23082f88fc54b166b/balance","level":"info","timestamp":"Aug-02-2021 21:53:36"}
{"message":"Response is {\"code\":2001,\"messsage\":\"success\",\"status\":\"SUCCESS\",\"balance\":540}","level":"info","timestamp":"Aug-02-2021 21:53:36"}
{"message":"Listening on port 3000!","level":"info","timestamp":"Aug-02-2021 21:54:08"}
{"message":"Listening on port 3000!","level":"info","timestamp":"Aug-02-2021 21:54:11"}
{"message":"Listening on port 3000!","level":"info","timestamp":"Aug-02-2021 22:37:59"}
{"message":"Request is http://localhost:3000/masters/5f378d572e3bec697bb1fec2/5ef433b23082f88fc54b166b/balance","level":"info","timestamp":"Aug-02-2021 22:38:01"}
{"message":"Response is {\"code\":2001,\"messsage\":\"success\",\"status\":\"SUCCESS\",\"balance\":540}","level":"info","timestamp":"Aug-02-2021 22:38:01"}
{"message":"Listening on port 3000!","level":"info","timestamp":"Aug-02-2021 22:38:48"}
{"message":"Listening on port 3000!","level":"info","timestamp":"Aug-02-2021 22:39:05"}
{"message":"Request is http://localhost:3000/masters/5f378d572e3bec697bb1fec2/5ef433b23082f88fc54b166b/balance","level":"info","timestamp":"Aug-02-2021 22:41:52"}
{"message":"Response is {\"code\":2001,\"messsage\":\"success\",\"status\":\"SUCCESS\",\"balance\":540}","level":"info","timestamp":"Aug-02-2021 22:41:52"}
{"message":"Listening on port 3000!","level":"info","timestamp":"Aug-03-2021 13:43:20"}
{"message":"Request is [http://localhost:3000/masters/5f378d572e3bec697bb1fec2/5ef433b23082f88fc54b166b/balance] [GET]","level":"info","timestamp":"Aug-03-2021 13:51:18"}
{"message":"Response is {\"code\":2001,\"messsage\":\"success\",\"status\":\"SUCCESS\",\"balance\":540}","level":"info","timestamp":"Aug-03-2021 13:51:18"}
{"message":"Request is [http://localhost:3000/masters/5f378d572e3bec697bb1fec2/5ef433b23082f88fc54b166b/balance] [GET]","level":"info","timestamp":"Aug-03-2021 13:54:46"}
{"message":"Response is {\"code\":2001,\"messsage\":\"success\",\"status\":\"SUCCESS\",\"balance\":540}","level":"info","timestamp":"Aug-03-2021 13:54:46"}
{"message":"error is [object Object]","level":"info","timestamp":"Aug-03-2021 13:55:21"}
{"message":"error is {\"messsage\":\"UserService.getuserBalane is not a function\"}","level":"info","timestamp":"Aug-03-2021 13:56:27"}
{"message":"TypeError: UserService.getuserBalane is not a function\n    at balance_get (C:\\Users\\91945\\OneDrive\\Desktop\\Node.JS\\MHG\\controllers\\userMaster.controller.js:89:47)\n    at Layer.handle [as handle_request] (C:\\Users\\91945\\OneDrive\\Desktop\\Node.JS\\MHG\\node_modules\\express\\lib\\router\\layer.js:95:5)\n    at next (C:\\Users\\91945\\OneDrive\\Desktop\\Node.JS\\MHG\\node_modules\\express\\lib\\router\\route.js:137:13)\n    at C:\\Users\\91945\\OneDrive\\Desktop\\Node.JS\\MHG\\Middlewares\\merchant_auth.js:28:17\n    at C:\\Users\\91945\\OneDrive\\Desktop\\Node.JS\\MHG\\node_modules\\mongoose\\lib\\model.js:4870:18\n    at processTicksAndRejections (internal/process/task_queues.js:77:11)","level":"info","timestamp":"Aug-03-2021 13:57:33"}
{"message":"Request is [http://localhost:3000/masters/5f378d572e3bec697bb1fec2/5ef433b23082f88fc54b166b/balance] [GET]","level":"info","timestamp":"Aug-03-2021 14:02:03"}
{"message":"Response is {\"code\":2001,\"messsage\":\"success\",\"status\":\"SUCCESS\",\"balance\":540}","level":"info","timestamp":"Aug-03-2021 14:02:03"}
{"message":"TypeError: UserService.getuserBalace is not a function\n    at balance_get (C:\\Users\\91945\\OneDrive\\Desktop\\Node.JS\\MHG\\controllers\\userMaster.controller.js:89:47)\n    at Layer.handle [as handle_request] (C:\\Users\\91945\\OneDrive\\Desktop\\Node.JS\\MHG\\node_modules\\express\\lib\\router\\layer.js:95:5)\n    at next (C:\\Users\\91945\\OneDrive\\Desktop\\Node.JS\\MHG\\node_modules\\express\\lib\\router\\route.js:137:13)\n    at C:\\Users\\91945\\OneDrive\\Desktop\\Node.JS\\MHG\\Middlewares\\merchant_auth.js:28:17\n    at C:\\Users\\91945\\OneDrive\\Desktop\\Node.JS\\MHG\\node_modules\\mongoose\\lib\\model.js:4870:18\n    at processTicksAndRejections (internal/process/task_queues.js:77:11)","level":"error","timestamp":"Aug-03-2021 14:02:55"}
{"message":"TypeError: UserService.getuserBalace is not a function\n    at balance_get (C:\\Users\\91945\\OneDrive\\Desktop\\Node.JS\\MHG\\controllers\\userMaster.controller.js:89:47)\n    at Layer.handle [as handle_request] (C:\\Users\\91945\\OneDrive\\Desktop\\Node.JS\\MHG\\node_modules\\express\\lib\\router\\layer.js:95:5)\n    at next (C:\\Users\\91945\\OneDrive\\Desktop\\Node.JS\\MHG\\node_modules\\express\\lib\\router\\route.js:137:13)\n    at C:\\Users\\91945\\OneDrive\\Desktop\\Node.JS\\MHG\\Middlewares\\merchant_auth.js:28:17\n    at C:\\Users\\91945\\OneDrive\\Desktop\\Node.JS\\MHG\\node_modules\\mongoose\\lib\\model.js:4870:18\n    at processTicksAndRejections (internal/process/task_queues.js:77:11)","level":"error","timestamp":"Aug-03-2021 14:02:55"}
{"message":"TypeError: UserService.getuerBalance is not a function\n    at balance_get (C:\\Users\\91945\\OneDrive\\Desktop\\Node.JS\\MHG\\controllers\\userMaster.controller.js:89:47)\n    at Layer.handle [as handle_request] (C:\\Users\\91945\\OneDrive\\Desktop\\Node.JS\\MHG\\node_modules\\express\\lib\\router\\layer.js:95:5)\n    at next (C:\\Users\\91945\\OneDrive\\Desktop\\Node.JS\\MHG\\node_modules\\express\\lib\\router\\route.js:137:13)\n    at C:\\Users\\91945\\OneDrive\\Desktop\\Node.JS\\MHG\\Middlewares\\merchant_auth.js:28:17\n    at C:\\Users\\91945\\OneDrive\\Desktop\\Node.JS\\MHG\\node_modules\\mongoose\\lib\\model.js:4870:18\n    at processTicksAndRejections (internal/process/task_queues.js:77:11)","level":"error","timestamp":"Aug-03-2021 14:03:38"}
{"message":"TypeError: UserService.getuerBalance is not a function\n    at balance_get (C:\\Users\\91945\\OneDrive\\Desktop\\Node.JS\\MHG\\controllers\\userMaster.controller.js:89:47)\n    at Layer.handle [as handle_request] (C:\\Users\\91945\\OneDrive\\Desktop\\Node.JS\\MHG\\node_modules\\express\\lib\\router\\layer.js:95:5)\n    at next (C:\\Users\\91945\\OneDrive\\Desktop\\Node.JS\\MHG\\node_modules\\express\\lib\\router\\route.js:137:13)\n    at C:\\Users\\91945\\OneDrive\\Desktop\\Node.JS\\MHG\\Middlewares\\merchant_auth.js:28:17\n    at C:\\Users\\91945\\OneDrive\\Desktop\\Node.JS\\MHG\\node_modules\\mongoose\\lib\\model.js:4870:18\n    at processTicksAndRejections (internal/process/task_queues.js:77:11)","level":"error","timestamp":"Aug-03-2021 14:03:38"}
{"message":"TypeError: UserService.getuerBalance is not a function\n    at balance_get (C:\\Users\\91945\\OneDrive\\Desktop\\Node.JS\\MHG\\controllers\\userMaster.controller.js:89:47)\n    at Layer.handle [as handle_request] (C:\\Users\\91945\\OneDrive\\Desktop\\Node.JS\\MHG\\node_modules\\express\\lib\\router\\layer.js:95:5)\n    at next (C:\\Users\\91945\\OneDrive\\Desktop\\Node.JS\\MHG\\node_modules\\express\\lib\\router\\route.js:137:13)\n    at C:\\Users\\91945\\OneDrive\\Desktop\\Node.JS\\MHG\\Middlewares\\merchant_auth.js:28:17\n    at C:\\Users\\91945\\OneDrive\\Desktop\\Node.JS\\MHG\\node_modules\\mongoose\\lib\\model.js:4870:18\n    at processTicksAndRejections (internal/process/task_queues.js:77:11)","level":"error","timestamp":"Aug-03-2021 14:07:39"}
{"message":"TypeError: UserService.getuerBalance is not a function\n    at balance_get (C:\\Users\\91945\\OneDrive\\Desktop\\Node.JS\\MHG\\controllers\\userMaster.controller.js:89:47)\n    at Layer.handle [as handle_request] (C:\\Users\\91945\\OneDrive\\Desktop\\Node.JS\\MHG\\node_modules\\express\\lib\\router\\layer.js:95:5)\n    at next (C:\\Users\\91945\\OneDrive\\Desktop\\Node.JS\\MHG\\node_modules\\express\\lib\\router\\route.js:137:13)\n    at C:\\Users\\91945\\OneDrive\\Desktop\\Node.JS\\MHG\\Middlewares\\merchant_auth.js:28:17\n    at C:\\Users\\91945\\OneDrive\\Desktop\\Node.JS\\MHG\\node_modules\\mongoose\\lib\\model.js:4870:18\n    at processTicksAndRejections (internal/process/task_queues.js:77:11)","level":"error","timestamp":"Aug-03-2021 14:07:39"}
{"message":"Request is [http://localhost:3000/masters/5f378d572e3bec697bb1fec2/5ef433b23082f88fc54b166b/balance] [GET]","level":"info","timestamp":"Aug-03-2021 14:14:37"}
{"message":"Response is {\"code\":2001,\"messsage\":\"success\",\"status\":\"SUCCESS\",\"balance\":540}","level":"info","timestamp":"Aug-03-2021 14:14:37"}
{"level":"error","timestamp":"Aug-03-2021 14:22:37"}
{"level":"error","timestamp":"Aug-03-2021 14:22:37"}
{"message":{"code":404,"messsage":"Order Id already exists","status":"Fail"},"level":"error","timestamp":"Aug-03-2021 14:25:56"}
{"message":{"code":404,"messsage":"Order Id already exists","status":"Fail"},"level":"error","timestamp":"Aug-03-2021 14:25:56"}
{"message":"Request is [http://localhost:3000/masters/5f378d572e3bec697bb1fec2/5ef433b23082f88fc54b166b/balance] [GET]","level":"info","timestamp":"Aug-03-2021 14:27:31"}
{"message":{"code":2001,"messsage":"success","status":"SUCCESS","balance":540},"level":"info","timestamp":"Aug-03-2021 14:27:31"}
{"message":"Request is [http://localhost:3000/masters/5f378d572e3bec697bb1fec2/5ef433b23082f88fc54b166b/debit] [POST] [[object Object]]","level":"info","timestamp":"Aug-03-2021 14:29:08"}
{"message":"Response is {\"code\":2001,\"message\":\"SUCCESS\",\"status\":\"SUCCESS\"}","level":"info","timestamp":"Aug-03-2021 14:29:08"}
{"message":"Request is [http://localhost:3000/masters/5f378d572e3bec697bb1fec2/5ef433b23082f88fc54b166b/debit] [POST] [{\"description\":\"You played Ludo with 100 points\",\"transaction_type\":\"Debit\",\"source\":\"app\",\"points\":10,\"order_id\":\"168\",\"user_action\":\"play\",\"productInfo\":{\"id\":1,\"product_name\":\"Hungama\",\"product_type\":\"1 Day Pack\",\"claim_point\":1000,\"price\":1,\"discount_percentage\":20}}]","level":"info","timestamp":"Aug-03-2021 14:31:23"}
{"message":"Response is {\"code\":2001,\"message\":\"SUCCESS\",\"status\":\"SUCCESS\"}","level":"info","timestamp":"Aug-03-2021 14:31:23"}
{"message":{"code":404,"messsage":"Order Id already exists","status":"Fail"},"level":"error","timestamp":"Aug-03-2021 14:34:23"}
{"message":{"code":404,"messsage":"Order Id already exists","status":"Fail"},"level":"error","timestamp":"Aug-03-2021 14:34:23"}
{"message":{"code":404,"messsage":"Order Id already exists","status":"Fail"},"level":"error","timestamp":"Aug-03-2021 14:37:11"}
{"message":{"code":404,"messsage":"Order Id already exists","status":"Fail"},"level":"error","timestamp":"Aug-03-2021 14:37:11"}
{"message":{"code":404,"messsage":"Merchant does not exists","status":"Fail"},"level":"error","timestamp":"Aug-03-2021 14:38:09"}
{"message":{"code":404,"messsage":"Merchant does not exists","status":"Fail"},"level":"error","timestamp":"Aug-03-2021 14:38:09"}
{"message":{"code":404,"messsage":"Order Id already exists","status":"Fail"},"level":"error","timestamp":"Aug-03-2021 14:38:30"}
{"message":{"code":404,"messsage":"Order Id already exists","status":"Fail"},"level":"error","timestamp":"Aug-03-2021 14:38:30"}
{"message":{"code":404,"messsage":"User not found","status":"Fail"},"level":"error","timestamp":"Aug-03-2021 14:39:10"}
{"message":{"code":404,"messsage":"User not found","status":"Fail"},"level":"error","timestamp":"Aug-03-2021 14:39:10"}
{"message":"Request is [http://localhost:3000/masters/5f378d572e3bec697bb1fec2/5ef433b23082f88fc54b166b/debit] [POST] [{\"description\":\"You played Ludo with 100 points\",\"transaction_type\":\"Debit\",\"source\":\"app\",\"points\":10,\"order_id\":\"169\",\"user_action\":\"play\",\"productInfo\":{\"id\":1,\"product_name\":\"Hungama\",\"product_type\":\"1 Day Pack\",\"claim_point\":1000,\"price\":1,\"discount_percentage\":20}}]","level":"info","timestamp":"Aug-03-2021 14:39:34"}
{"message":"Response is {\"code\":2001,\"message\":\"SUCCESS\",\"status\":\"SUCCESS\"}","level":"info","timestamp":"Aug-03-2021 14:39:34"}
{"message":"Request is [http://localhost:3000/masters/5f378d572e3bec697bb1fec2/5ef433b23082f88fc54b166b/credit] [POST] [{\"description\":\"You won in Ludo 100 points\",\"transaction_type\":\"Credit\",\"source\":\"app\",\"points\":\"10\",\"order_id\":\"170\",\"user_action\":\"Win\"}]","level":"info","timestamp":"Aug-03-2021 14:43:45"}
{"message":"Response is {\"code\":2001,\"message\":\"SUCCESS\",\"status\":\"SUCCESS\"}","level":"info","timestamp":"Aug-03-2021 14:43:45"}
{"message":"TypeError: UserService.getCredt is not a function\n    at credit (C:\\Users\\91945\\OneDrive\\Desktop\\Node.JS\\MHG\\controllers\\userMaster.controller.js:172:42)\n    at Layer.handle [as handle_request] (C:\\Users\\91945\\OneDrive\\Desktop\\Node.JS\\MHG\\node_modules\\express\\lib\\router\\layer.js:95:5)\n    at next (C:\\Users\\91945\\OneDrive\\Desktop\\Node.JS\\MHG\\node_modules\\express\\lib\\router\\route.js:137:13)\n    at C:\\Users\\91945\\OneDrive\\Desktop\\Node.JS\\MHG\\Middlewares\\merchant_auth.js:28:17\n    at C:\\Users\\91945\\OneDrive\\Desktop\\Node.JS\\MHG\\node_modules\\mongoose\\lib\\model.js:4870:18\n    at processTicksAndRejections (internal/process/task_queues.js:77:11)","level":"error","timestamp":"Aug-03-2021 14:44:57"}
{"message":"TypeError: UserService.getCredt is not a function\n    at credit (C:\\Users\\91945\\OneDrive\\Desktop\\Node.JS\\MHG\\controllers\\userMaster.controller.js:172:42)\n    at Layer.handle [as handle_request] (C:\\Users\\91945\\OneDrive\\Desktop\\Node.JS\\MHG\\node_modules\\express\\lib\\router\\layer.js:95:5)\n    at next (C:\\Users\\91945\\OneDrive\\Desktop\\Node.JS\\MHG\\node_modules\\express\\lib\\router\\route.js:137:13)\n    at C:\\Users\\91945\\OneDrive\\Desktop\\Node.JS\\MHG\\Middlewares\\merchant_auth.js:28:17\n    at C:\\Users\\91945\\OneDrive\\Desktop\\Node.JS\\MHG\\node_modules\\mongoose\\lib\\model.js:4870:18\n    at processTicksAndRejections (internal/process/task_queues.js:77:11)","level":"error","timestamp":"Aug-03-2021 14:44:57"}
{"message":{"code":404,"messsage":"Order Id already exists","status":"Fail"},"level":"error","timestamp":"Aug-03-2021 14:45:51"}
{"message":{"code":404,"messsage":"Order Id already exists","status":"Fail"},"level":"error","timestamp":"Aug-03-2021 14:45:51"}
{"message":"TypeError: UserService.getCrdit is not a function\n    at credit (C:\\Users\\91945\\OneDrive\\Desktop\\Node.JS\\MHG\\controllers\\userMaster.controller.js:172:42)\n    at Layer.handle [as handle_request] (C:\\Users\\91945\\OneDrive\\Desktop\\Node.JS\\MHG\\node_modules\\express\\lib\\router\\layer.js:95:5)\n    at next (C:\\Users\\91945\\OneDrive\\Desktop\\Node.JS\\MHG\\node_modules\\express\\lib\\router\\route.js:137:13)\n    at C:\\Users\\91945\\OneDrive\\Desktop\\Node.JS\\MHG\\Middlewares\\merchant_auth.js:28:17\n    at C:\\Users\\91945\\OneDrive\\Desktop\\Node.JS\\MHG\\node_modules\\mongoose\\lib\\model.js:4870:18\n    at processTicksAndRejections (internal/process/task_queues.js:77:11)","level":"error","timestamp":"Aug-03-2021 14:49:37"}
{"message":"TypeError: UserService.getCrdit is not a function\n    at credit (C:\\Users\\91945\\OneDrive\\Desktop\\Node.JS\\MHG\\controllers\\userMaster.controller.js:172:42)\n    at Layer.handle [as handle_request] (C:\\Users\\91945\\OneDrive\\Desktop\\Node.JS\\MHG\\node_modules\\express\\lib\\router\\layer.js:95:5)\n    at next (C:\\Users\\91945\\OneDrive\\Desktop\\Node.JS\\MHG\\node_modules\\express\\lib\\router\\route.js:137:13)\n    at C:\\Users\\91945\\OneDrive\\Desktop\\Node.JS\\MHG\\Middlewares\\merchant_auth.js:28:17\n    at C:\\Users\\91945\\OneDrive\\Desktop\\Node.JS\\MHG\\node_modules\\mongoose\\lib\\model.js:4870:18\n    at processTicksAndRejections (internal/process/task_queues.js:77:11)","level":"error","timestamp":"Aug-03-2021 14:49:37"}
{"message":"Request is [http://localhost:3000/masters/5f51acfec184601277e94aa2/5ef433b23082f88fc54b166b/rank] [GET]","level":"info","timestamp":"Aug-03-2021 14:55:10"}
{"length":10,"status":200,"message":"All users are fetched","data":[{"user_id":"5f378d572e3bec697bb1fec2","points":520,"rank":1},{"user_id":"5f2682c884df1e7f5187b7a1","points":200,"rank":2},{"user_id":"5f27733784df1e7f5187b8b3","points":200,"rank":3},{"user_id":"5f34d547fbc79153ee272f99","points":200,"rank":4},{"user_id":"5f36ad1f2e3bec697bb1fe50","points":200,"rank":5},{"user_id":"5f25873384df1e7f5187b66f","points":200,"rank":6},{"user_id":"5f4266af6982b2467ee06af4","points":196,"rank":7},{"user_id":"5f1ee63a7c770806c497ebdc","points":190,"rank":8},{"user_id":"5f51acfec184601277e94aa2","points":100,"rank":9},{"user_id":"5f46621c8561fc192d48c85a","points":100,"rank":10}],"currentUserRank":{"user_id":"5f51acfec184601277e94aa2","rank":9,"points":100},"level":"info","timestamp":"Aug-03-2021 14:55:10"}
{"message":"Request is [http://localhost:3000/masters/5f378d572e3bec697bb1fec2/5ef433b23082f88fc54b166b/balance] [GET]","level":"info","timestamp":"Aug-03-2021 14:57:29"}
{"message":{"code":2001,"messsage":"success","status":"SUCCESS","balance":520},"level":"info","timestamp":"Aug-03-2021 14:57:29"}
{"message":"Request is [http://localhost:3000/masters/5f51acfec184601277e94aa2/5ef433b23082f88fc54b166b/rank] [GET]","level":"info","timestamp":"Aug-03-2021 15:00:25"}
{"length":10,"status":200,"message":"All users are fetched","data":[{"user_id":"5f378d572e3bec697bb1fec2","points":520,"rank":1},{"user_id":"5f2682c884df1e7f5187b7a1","points":200,"rank":2},{"user_id":"5f27733784df1e7f5187b8b3","points":200,"rank":3},{"user_id":"5f34d547fbc79153ee272f99","points":200,"rank":4},{"user_id":"5f36ad1f2e3bec697bb1fe50","points":200,"rank":5},{"user_id":"5f25873384df1e7f5187b66f","points":200,"rank":6},{"user_id":"5f4266af6982b2467ee06af4","points":196,"rank":7},{"user_id":"5f1ee63a7c770806c497ebdc","points":190,"rank":8},{"user_id":"5f51acfec184601277e94aa2","points":100,"rank":9},{"user_id":"5f46621c8561fc192d48c85a","points":100,"rank":10}],"currentUserRank":{"user_id":"5f51acfec184601277e94aa2","rank":9,"points":100},"level":"info","timestamp":"Aug-03-2021 15:00:25"}
{"message":"Request is [http://localhost:3000/masters/5f378d572e3bec697bb1fec2/order?page=2&limit=10] [GET]","level":"info","timestamp":"Aug-03-2021 15:05:37"}
{"message":"Response is {\"Total_Orders\":99,\"status\":200,\"message\":\"All orders are fetched\",\"Orders\":{\"maxResults\":10,\"results\":[{\"_id\":\"60ffd0f9e0a5423e2ce0cfb5\",\"description\":\"You won in Ludo 100 points\",\"transaction_type\":\"Credit\",\"source\":\"app\",\"user_id\":\"5f378d572e3bec697bb1fec2\",\"merchant_id\":\"5ef433b23082f88fc54b166b\",\"order_id\":\"160\",\"price_point_value\":100,\"last_updated_playpoint\":490,\"user_action\":\"Win\",\"createdAt\":\"2021-07-27T09:25:13.158Z\",\"updatedAt\":\"2021-07-27T09:25:13.158Z\",\"__v\":0},{\"_id\":\"60ffd0c3e0a5423e2ce0cfa2\",\"description\":\"You played Ludo with 100 points\",\"transaction_type\":\"Debit\",\"source\":\"app\",\"user_id\":\"5f378d572e3bec697bb1fec2\",\"merchant_id\":\"5ef433b23082f88fc54b166b\",\"order_id\":\"159\",\"price_point_value\":10,\"last_updated_playpoint\":390,\"user_action\":\"play\",\"createdAt\":\"2021-07-27T09:24:19.102Z\",\"updatedAt\":\"2021-07-27T09:24:19.102Z\",\"__v\":0},{\"_id\":\"60ffd09be0a5423e2ce0cf91\",\"description\":\"You played Ludo with 100 points\",\"transaction_type\":\"Debit\",\"source\":\"app\",\"user_id\":\"5f378d572e3bec697bb1fec2\",\"merchant_id\":\"5ef433b23082f88fc54b166b\",\"order_id\":\"158\",\"price_point_value\":100,\"last_updated_playpoint\":400,\"user_action\":\"play\",\"createdAt\":\"2021-07-27T09:23:39.744Z\",\"updatedAt\":\"2021-07-27T09:23:39.744Z\",\"__v\":0},{\"_id\":\"60ffc94d4803233d3cc036e1\",\"description\":\"You played Ludo with 100 points\",\"transaction_type\":\"Debit\",\"source\":\"app\",\"user_id\":\"5f378d572e3bec697bb1fec2\",\"merchant_id\":\"5ef433b23082f88fc54b166b\",\"order_id\":\"157\",\"price_point_value\":100,\"last_updated_playpoint\":500,\"user_action\":\"play\",\"createdAt\":\"2021-07-27T08:52:29.629Z\",\"updatedAt\":\"2021-07-27T08:52:29.629Z\",\"__v\":0},{\"_id\":\"60ff93e0b9768e363cc5f71b\",\"description\":\"You played Ludo with 100 points\",\"transaction_type\":\"Debit\",\"source\":\"app\",\"user_id\":\"5f378d572e3bec697bb1fec2\",\"merchant_id\":\"5ef433b23082f88fc54b166b\",\"order_id\":\"156\",\"price_point_value\":100,\"last_updated_playpoint\":600,\"user_action\":\"play\",\"createdAt\":\"2021-07-27T05:04:32.981Z\",\"updatedAt\":\"2021-07-27T05:04:32.981Z\",\"__v\":0},{\"_id\":\"60fa582d7a23c818887eeca4\",\"description\":\"You won in Ludo 100 points\",\"transaction_type\":\"Credit\",\"source\":\"app\",\"user_id\":\"5f378d572e3bec697bb1fec2\",\"merchant_id\":\"5ef433b23082f88fc54b166b\",\"order_id\":\"155\",\"price_point_value\":100,\"last_updated_playpoint\":700,\"user_action\":\"Win\",\"createdAt\":\"2021-07-23T05:48:29.121Z\",\"updatedAt\":\"2021-07-23T05:48:29.121Z\",\"__v\":0},{\"_id\":\"60fa57137a23c818887eec93\",\"description\":\"You played Ludo with 100 points\",\"transaction_type\":\"Debit\",\"source\":\"app\",\"user_id\":\"5f378d572e3bec697bb1fec2\",\"merchant_id\":\"5ef433b23082f88fc54b166b\",\"order_id\":\"154\",\"price_point_value\":100,\"last_updated_playpoint\":600,\"user_action\":\"play\",\"createdAt\":\"2021-07-23T05:43:47.872Z\",\"updatedAt\":\"2021-07-23T05:43:47.872Z\",\"__v\":0},{\"_id\":\"60f42f49c4dce327e8a1bc0e\",\"description\":\"You won in Ludo 100 points\",\"transaction_type\":\"Credit\",\"source\":\"app\",\"user_id\":\"5f378d572e3bec697bb1fec2\",\"merchant_id\":\"5ef433b23082f88fc54b166b\",\"order_id\":\"153\",\"price_point_value\":100,\"last_updated_playpoint\":700,\"user_action\":\"Win\",\"createdAt\":\"2021-07-18T13:40:25.378Z\",\"updatedAt\":\"2021-07-18T13:40:25.378Z\",\"__v\":0},{\"_id\":\"60f40b53c4dce327e8a1bc01\",\"description\":\"You played Ludo with 100 points\",\"transaction_type\":\"Debit\",\"source\":\"app\",\"user_id\":\"5f378d572e3bec697bb1fec2\",\"merchant_id\":\"5ef433b23082f88fc54b166b\",\"order_id\":\"152\",\"price_point_value\":100,\"last_updated_playpoint\":600,\"user_action\":\"play\",\"createdAt\":\"2021-07-18T11:06:59.638Z\",\"updatedAt\":\"2021-07-18T11:06:59.638Z\",\"__v\":0},{\"_id\":\"60e83f0644fbde07f0506567\",\"description\":\"You won in Ludo 100 points\",\"transaction_type\":\"Credit\",\"source\":\"app\",\"user_id\":\"5f378d572e3bec697bb1fec2\",\"merchant_id\":\"5ef433b23082f88fc54b166b\",\"order_id\":\"151\",\"price_point_value\":100,\"last_updated_playpoint\":700,\"user_action\":\"Win\",\"createdAt\":\"2021-07-09T12:20:22.610Z\",\"updatedAt\":\"2021-07-09T12:20:22.610Z\",\"__v\":0}]}}","level":"info","timestamp":"Aug-03-2021 15:05:37"}
{"message":"Request is [http://localhost:3000/masters/5ef433b23082f88fc54b166b/coins] [GET]","level":"info","timestamp":"Aug-03-2021 15:08:50"}
{"message":"Response is {\"code\":2001,\"message\":\"SUCCESS\",\"status\":\"SUCCESS\",\"summary\":{\"pointsInfromApp\":790,\"pointsInfromGame\":300,\"pointsOutFromApp\":610,\"pointsOutFromGame\":300,\"pointsInfromUser\":1090}}","level":"info","timestamp":"Aug-03-2021 15:08:50"}
{"message":"Request is [http://localhost:3000/masters/18/checkOrder] [GET]","level":"info","timestamp":"Aug-03-2021 15:15:45"}
{"message":"Response is {\"code\":200,\"status\":\"Success\",\"message\":\"Order does not exist\"}","level":"info","timestamp":"Aug-03-2021 15:15:45"}
{"message":"ReferenceError: Url is not defined\n    at settlement (C:\\Users\\91945\\OneDrive\\Desktop\\Node.JS\\MHG\\controllers\\Merchant.controller.js:17:40)\n    at processTicksAndRejections (internal/process/task_queues.js:95:5)","level":"error","timestamp":"Aug-03-2021 22:39:55"}
{"message":"ReferenceError: Url is not defined\n    at settlement (C:\\Users\\91945\\OneDrive\\Desktop\\Node.JS\\MHG\\controllers\\Merchant.controller.js:17:40)\n    at processTicksAndRejections (internal/process/task_queues.js:95:5)","level":"error","timestamp":"Aug-03-2021 22:39:55"}
{"message":"Request is [http://localhost:3000/merchants/settle/5ef433b23082f88fc54b166b/escrow] [POST] [{\"description\":\"Settle\",\"transaction_type\":\"SETTLE\",\"points\":50,\"order_id\":\"152\"}]","level":"info","timestamp":"Aug-03-2021 22:40:56"}
{"message":"Response is {\"code\":2001,\"message\":\"SUCCESS\",\"status\":\"SUCCESS\"}","level":"info","timestamp":"Aug-03-2021 22:40:56"}
{"message":"Request is [http://localhost:3000/merchants/5ef433b23082f88fc54b166b/transactionSummary] [GET] [{}]","level":"info","timestamp":"Aug-03-2021 22:45:11"}
{"message":"Response is {\"code\":2001,\"message\":\"SUCCESS\",\"status\":\"SUCCESS\",\"summary\":{\"pointsfromUser\":1090,\"pointstoUser\":910,\"openingBalance\":100,\"closingBalance\":10}}","level":"info","timestamp":"Aug-03-2021 22:45:11"}
{"message":"ReferenceError: Url is not defined\n    at getHistoryPoints (C:\\Users\\91945\\OneDrive\\Desktop\\Node.JS\\MHG\\controllers\\Merchant.controller.js:103:40)\n    at processTicksAndRejections (internal/process/task_queues.js:95:5)","level":"error","timestamp":"Aug-03-2021 22:50:31"}
{"message":"ReferenceError: Url is not defined\n    at getHistoryPoints (C:\\Users\\91945\\OneDrive\\Desktop\\Node.JS\\MHG\\controllers\\Merchant.controller.js:103:40)\n    at processTicksAndRejections (internal/process/task_queues.js:95:5)","level":"error","timestamp":"Aug-03-2021 22:50:31"}
{"message":"Request is [http://localhost:3000/merchants/5ef433b23082f88fc54b166b/historyPoints?page=2%20&limit=10] [GET]","level":"info","timestamp":"Aug-03-2021 22:51:25"}
{"message":"Response is {\"code\":2001,\"total_orders\":72,\"message\":\"SUCCESS\",\"status\":\"SUCCESS\",\"summary\":{\"maxResults\":10,\"results\":[{\"_id\":\"60ffd0f9e0a5423e2ce0cfb5\",\"description\":\"You won in Ludo 100 points\",\"transaction_type\":\"Credit\",\"source\":\"app\",\"user_id\":\"5f378d572e3bec697bb1fec2\",\"merchant_id\":\"5ef433b23082f88fc54b166b\",\"order_id\":\"160\",\"price_point_value\":100,\"last_updated_playpoint\":490,\"user_action\":\"Win\",\"createdAt\":\"2021-07-27T09:25:13.158Z\",\"updatedAt\":\"2021-07-27T09:25:13.158Z\",\"__v\":0},{\"_id\":\"60ffd0c3e0a5423e2ce0cfa2\",\"description\":\"You played Ludo with 100 points\",\"transaction_type\":\"Debit\",\"source\":\"app\",\"user_id\":\"5f378d572e3bec697bb1fec2\",\"merchant_id\":\"5ef433b23082f88fc54b166b\",\"order_id\":\"159\",\"price_point_value\":10,\"last_updated_playpoint\":390,\"user_action\":\"play\",\"createdAt\":\"2021-07-27T09:24:19.102Z\",\"updatedAt\":\"2021-07-27T09:24:19.102Z\",\"__v\":0},{\"_id\":\"60ffd09be0a5423e2ce0cf91\",\"description\":\"You played Ludo with 100 points\",\"transaction_type\":\"Debit\",\"source\":\"app\",\"user_id\":\"5f378d572e3bec697bb1fec2\",\"merchant_id\":\"5ef433b23082f88fc54b166b\",\"order_id\":\"158\",\"price_point_value\":100,\"last_updated_playpoint\":400,\"user_action\":\"play\",\"createdAt\":\"2021-07-27T09:23:39.744Z\",\"updatedAt\":\"2021-07-27T09:23:39.744Z\",\"__v\":0},{\"_id\":\"60ffc94d4803233d3cc036e1\",\"description\":\"You played Ludo with 100 points\",\"transaction_type\":\"Debit\",\"source\":\"app\",\"user_id\":\"5f378d572e3bec697bb1fec2\",\"merchant_id\":\"5ef433b23082f88fc54b166b\",\"order_id\":\"157\",\"price_point_value\":100,\"last_updated_playpoint\":500,\"user_action\":\"play\",\"createdAt\":\"2021-07-27T08:52:29.629Z\",\"updatedAt\":\"2021-07-27T08:52:29.629Z\",\"__v\":0},{\"_id\":\"60ff93e0b9768e363cc5f71b\",\"description\":\"You played Ludo with 100 points\",\"transaction_type\":\"Debit\",\"source\":\"app\",\"user_id\":\"5f378d572e3bec697bb1fec2\",\"merchant_id\":\"5ef433b23082f88fc54b166b\",\"order_id\":\"156\",\"price_point_value\":100,\"last_updated_playpoint\":600,\"user_action\":\"play\",\"createdAt\":\"2021-07-27T05:04:32.981Z\",\"updatedAt\":\"2021-07-27T05:04:32.981Z\",\"__v\":0},{\"_id\":\"60fa582d7a23c818887eeca4\",\"description\":\"You won in Ludo 100 points\",\"transaction_type\":\"Credit\",\"source\":\"app\",\"user_id\":\"5f378d572e3bec697bb1fec2\",\"merchant_id\":\"5ef433b23082f88fc54b166b\",\"order_id\":\"155\",\"price_point_value\":100,\"last_updated_playpoint\":700,\"user_action\":\"Win\",\"createdAt\":\"2021-07-23T05:48:29.121Z\",\"updatedAt\":\"2021-07-23T05:48:29.121Z\",\"__v\":0},{\"_id\":\"60fa57137a23c818887eec93\",\"description\":\"You played Ludo with 100 points\",\"transaction_type\":\"Debit\",\"source\":\"app\",\"user_id\":\"5f378d572e3bec697bb1fec2\",\"merchant_id\":\"5ef433b23082f88fc54b166b\",\"order_id\":\"154\",\"price_point_value\":100,\"last_updated_playpoint\":600,\"user_action\":\"play\",\"createdAt\":\"2021-07-23T05:43:47.872Z\",\"updatedAt\":\"2021-07-23T05:43:47.872Z\",\"__v\":0},{\"_id\":\"60f42f49c4dce327e8a1bc0e\",\"description\":\"You won in Ludo 100 points\",\"transaction_type\":\"Credit\",\"source\":\"app\",\"user_id\":\"5f378d572e3bec697bb1fec2\",\"merchant_id\":\"5ef433b23082f88fc54b166b\",\"order_id\":\"153\",\"price_point_value\":100,\"last_updated_playpoint\":700,\"user_action\":\"Win\",\"createdAt\":\"2021-07-18T13:40:25.378Z\",\"updatedAt\":\"2021-07-18T13:40:25.378Z\",\"__v\":0},{\"_id\":\"60f40b53c4dce327e8a1bc01\",\"description\":\"You played Ludo with 100 points\",\"transaction_type\":\"Debit\",\"source\":\"app\",\"user_id\":\"5f378d572e3bec697bb1fec2\",\"merchant_id\":\"5ef433b23082f88fc54b166b\",\"order_id\":\"152\",\"price_point_value\":100,\"last_updated_playpoint\":600,\"user_action\":\"play\",\"createdAt\":\"2021-07-18T11:06:59.638Z\",\"updatedAt\":\"2021-07-18T11:06:59.638Z\",\"__v\":0},{\"_id\":\"60e83f0644fbde07f0506567\",\"description\":\"You won in Ludo 100 points\",\"transaction_type\":\"Credit\",\"source\":\"app\",\"user_id\":\"5f378d572e3bec697bb1fec2\",\"merchant_id\":\"5ef433b23082f88fc54b166b\",\"order_id\":\"151\",\"price_point_value\":100,\"last_updated_playpoint\":700,\"user_action\":\"Win\",\"createdAt\":\"2021-07-09T12:20:22.610Z\",\"updatedAt\":\"2021-07-09T12:20:22.610Z\",\"__v\":0}]}}","level":"info","timestamp":"Aug-03-2021 22:51:25"}
{"message":"Request is [http://localhost:3000/merchants/5ef433b23082f88fc54b166b/walletHistoryPoints?page=2%20&limit=10] [GET]","level":"info","timestamp":"Aug-03-2021 22:54:39"}
{"message":"Response is {\"code\":2001,\"total_orders\":53,\"message\":\"SUCCESS\",\"status\":\"SUCCESS\",\"summary\":{\"maxResults\":10,\"results\":[{\"_id\":\"61040ea17abf101ccc727b06\",\"description\":\"You won in Ludo 100 points\",\"transaction_type\":\"Credit\",\"source\":\"app\",\"user_id\":\"5f378d572e3bec697bb1fec2\",\"merchant_id\":\"5ef433b23082f88fc54b166b\",\"order_id\":\"166\",\"wallet_id\":\"60d020daf0ceb92be89b8174\",\"price_point_value\":100,\"last_updated_playpoint\":200,\"user_action\":\"Win\",\"createdAt\":\"2021-07-30T14:37:21.883Z\",\"updatedAt\":\"2021-07-30T14:37:21.883Z\",\"__v\":0},{\"product_info\":{\"id\":1,\"product_name\":\"Hungama\",\"product_type\":\"1 Day Pack\",\"claim_point\":1000,\"price\":1,\"discount_percentage\":20},\"_id\":\"61040af87abf101ccc727af8\",\"description\":\"You played Ludo with 100 points\",\"transaction_type\":\"Debit\",\"source\":\"app\",\"user_id\":\"5f378d572e3bec697bb1fec2\",\"merchant_id\":\"5ef433b23082f88fc54b166b\",\"order_id\":\"165\",\"wallet_id\":\"60d020daf0ceb92be89b8176\",\"price_point_value\":10,\"last_updated_playpoint\":460,\"user_action\":\"play\",\"createdAt\":\"2021-07-30T14:21:44.735Z\",\"updatedAt\":\"2021-07-30T14:21:44.735Z\",\"__v\":0},{\"_id\":\"6100e16b22a4c400fc21d87c\",\"description\":\"Settle\",\"transaction_type\":\"SETTLE\",\"user_id\":\"\",\"merchant_id\":\"5ef433b23082f88fc54b166b\",\"order_id\":\"152\",\"wallet_id\":\"60d020daf0ceb92be89b8175\",\"price_point_value\":100,\"last_updated_playpoint\":300,\"createdAt\":\"2021-07-28T04:47:39.890Z\",\"updatedAt\":\"2021-07-28T04:47:39.890Z\",\"__v\":0},{\"_id\":\"6100e16b22a4c400fc21d87b\",\"description\":\"Settle\",\"transaction_type\":\"SETTLE\",\"user_id\":\"\",\"merchant_id\":\"5ef433b23082f88fc54b166b\",\"order_id\":\"152\",\"wallet_id\":\"60d020daf0ceb92be89b8176\",\"price_point_value\":100,\"last_updated_playpoint\":450,\"createdAt\":\"2021-07-28T04:47:39.889Z\",\"updatedAt\":\"2021-07-28T04:47:39.889Z\",\"__v\":0},{\"_id\":\"6100e14522a4c400fc21d872\",\"description\":\"Settle\",\"transaction_type\":\"SETTLE\",\"user_id\":\"\",\"merchant_id\":\"5ef433b23082f88fc54b166b\",\"order_id\":\"152\",\"wallet_id\":\"60d020daf0ceb92be89b8174\",\"price_point_value\":100,\"last_updated_playpoint\":600,\"createdAt\":\"2021-07-28T04:47:01.407Z\",\"updatedAt\":\"2021-07-28T04:47:01.407Z\",\"__v\":0},{\"_id\":\"6100e14522a4c400fc21d871\",\"description\":\"Settle\",\"transaction_type\":\"SETTLE\",\"user_id\":\"\",\"merchant_id\":\"5ef433b23082f88fc54b166b\",\"order_id\":\"152\",\"wallet_id\":\"60d020daf0ceb92be89b8175\",\"price_point_value\":100,\"last_updated_playpoint\":200,\"createdAt\":\"2021-07-28T04:47:01.406Z\",\"updatedAt\":\"2021-07-28T04:47:01.406Z\",\"__v\":0},{\"_id\":\"6100dffc8486b40d00b7e6c8\",\"description\":\"Settle\",\"transaction_type\":\"SETTLE\",\"user_id\":\"\",\"merchant_id\":\"5ef433b23082f88fc54b166b\",\"order_id\":\"152\",\"wallet_id\":\"60d020daf0ceb92be89b8175\",\"price_point_value\":100,\"last_updated_playpoint\":300,\"createdAt\":\"2021-07-28T04:41:32.548Z\",\"updatedAt\":\"2021-07-28T04:41:32.548Z\",\"__v\":0},{\"_id\":\"6100dffc8486b40d00b7e6c9\",\"description\":\"Settle\",\"transaction_type\":\"SETTLE\",\"user_id\":\"\",\"merchant_id\":\"5ef433b23082f88fc54b166b\",\"order_id\":\"152\",\"wallet_id\":\"60d020daf0ceb92be89b8174\",\"price_point_value\":100,\"last_updated_playpoint\":500,\"createdAt\":\"2021-07-28T04:41:32.548Z\",\"updatedAt\":\"2021-07-28T04:41:32.548Z\",\"__v\":0},{\"_id\":\"6100dfdc8486b40d00b7e6bf\",\"description\":\"Settle\",\"transaction_type\":\"SETTLE\",\"user_id\":\"\",\"merchant_id\":\"5ef433b23082f88fc54b166b\",\"order_id\":\"152\",\"wallet_id\":\"60d020daf0ceb92be89b8174\",\"price_point_value\":100,\"last_updated_playpoint\":400,\"createdAt\":\"2021-07-28T04:41:00.038Z\",\"updatedAt\":\"2021-07-28T04:41:00.038Z\",\"__v\":0},{\"_id\":\"6100dfdc8486b40d00b7e6be\",\"description\":\"Settle\",\"transaction_type\":\"SETTLE\",\"user_id\":\"\",\"merchant_id\":\"5ef433b23082f88fc54b166b\",\"order_id\":\"152\",\"wallet_id\":\"60d020daf0ceb92be89b8175\",\"price_point_value\":100,\"last_updated_playpoint\":400,\"createdAt\":\"2021-07-28T04:41:00.038Z\",\"updatedAt\":\"2021-07-28T04:41:00.038Z\",\"__v\":0}]}}","level":"info","timestamp":"Aug-03-2021 22:54:39"}
{"message":"Request is [http://localhost:3000/wallets/5ef433b23082f88fc54b166b] [GET]","level":"info","timestamp":"Aug-03-2021 23:00:10"}
{"message":"Response is {\"code\":2001,\"message\":\"SUCCESS\",\"status\":\"SUCCESS\",\"wallets\":[{\"_id\":\"60d020daf0ceb92be89b8175\",\"id\":26,\"mid\":\"5ef433b23082f88fc54b166b\",\"wallet_id\":\"VodaQatarRevenue\",\"wallet_category\":\"LOYALITY\",\"wallet_subcategory\":\"PROMOTION 1\",\"wallet_type\":\"REVENUE\",\"isShow\":1,\"isActive\":1,\"approved\":1,\"approved_on\":\"2021-03-15 05:28:44\",\"total_price_point_value\":0,\"amount_alert_threshold\":10,\"amount_alert_threshhold_type\":\"PERCENTAGE\",\"max_debit_per_request\":1000,\"param1\":\"\",\"param2\":\"\",\"param3\":\"\",\"params\":\"\",\"created\":\"2021-03-15 05:28:44\",\"modifiedon\":\"2021-03-15 05:28:44\",\"updatedAt\":\"2021-08-03T17:10:56.660Z\",\"price_point_value\":450},{\"_id\":\"60d020daf0ceb92be89b8176\",\"id\":27,\"mid\":\"5ef433b23082f88fc54b166b\",\"wallet_id\":\"VodaQatarEscrow\",\"wallet_category\":\"LOYALITY\",\"wallet_subcategory\":\"PROMOTION 1\",\"wallet_type\":\"ESCROW\",\"isShow\":1,\"isActive\":1,\"approved\":1,\"approved_on\":\"2021-03-15 05:28:44\",\"price_point_value\":340,\"total_price_point_value\":0,\"amount_alert_threshold\":10,\"amount_alert_threshhold_type\":\"PERCENTAGE\",\"max_debit_per_request\":1000,\"param1\":\"\",\"param2\":\"\",\"param3\":\"\",\"params\":\"\",\"created\":\"2021-03-15 05:28:44\",\"modifiedon\":\"2021-03-15 05:28:44\",\"updatedAt\":\"2021-08-03T17:10:56.656Z\"},{\"_id\":\"60d020daf0ceb92be89b8174\",\"id\":25,\"mid\":\"5ef433b23082f88fc54b166b\",\"wallet_id\":\"VodaQatarBudget\",\"wallet_category\":\"LOYALITY\",\"wallet_subcategory\":\"PROMOTION 1\",\"wallet_type\":\"BUDGET\",\"isShow\":1,\"isActive\":1,\"approved\":1,\"approved_on\":\"2021-03-15 05:28:44\",\"price_point_value\":340,\"total_price_point_value\":10000,\"amount_alert_threshold\":10,\"amount_alert_threshhold_type\":\"PERCENTAGE\",\"max_debit_per_request\":1000,\"param1\":\"\",\"param2\":\"\",\"param3\":\"\",\"params\":\"\",\"created\":\"2021-03-15 05:28:44\",\"modifiedon\":\"2021-03-15 05:28:44\",\"updatedAt\":\"2021-08-03T09:13:45.361Z\"}]}","level":"info","timestamp":"Aug-03-2021 23:00:10"}
{"message":"Request is [http://localhost:3000/wallets/5ef433b23082f88fc54b166b/creditBudget] [POST] [{\"points\":\"10\"}]","level":"info","timestamp":"Aug-03-2021 23:05:21"}
{"message":"Response is {\"code\":2001,\"message\":\"SUCCESS\",\"status\":\"SUCCESS\",\"wallets\":{\"_id\":\"60d020daf0ceb92be89b8174\",\"id\":25,\"mid\":\"5ef433b23082f88fc54b166b\",\"wallet_id\":\"VodaQatarBudget\",\"wallet_category\":\"LOYALITY\",\"wallet_subcategory\":\"PROMOTION 1\",\"wallet_type\":\"BUDGET\",\"isShow\":1,\"isActive\":1,\"approved\":1,\"approved_on\":\"2021-03-15 05:28:44\",\"price_point_value\":350,\"total_price_point_value\":10000,\"amount_alert_threshold\":10,\"amount_alert_threshhold_type\":\"PERCENTAGE\",\"max_debit_per_request\":1000,\"param1\":\"\",\"param2\":\"\",\"param3\":\"\",\"params\":\"\",\"created\":\"2021-03-15 05:28:44\",\"modifiedon\":\"2021-03-15 05:28:44\",\"updatedAt\":\"2021-08-03T17:35:20.669Z\"}}","level":"info","timestamp":"Aug-03-2021 23:05:21"}
